<?xml version="1.0" encoding="UTF-8"?>
<testng-results ignored="0" total="1" passed="1" failed="0" skipped="0">
  <reporter-output>
  </reporter-output>
  <suite started-at="2022-10-12T12:12:11 IST" name="Default suite" finished-at="2022-10-12T12:12:19 IST" duration-ms="8272">
    <groups>
    </groups>
    <test started-at="2022-10-12T12:12:11 IST" name="Default test" finished-at="2022-10-12T12:12:19 IST" duration-ms="8272">
      <class name="test.TestExcelDriverUtil">
        <test-method signature="verifyTestExcelDriverUtil()[pri:0, instance:test.TestExcelDriverUtil@245b4bdc]" started-at="2022-10-12T12:12:11 IST" name="verifyTestExcelDriverUtil" finished-at="2022-10-12T12:12:19 IST" duration-ms="8091" status="PASS">
          <reporter-output>
          </reporter-output>
        </test-method> <!-- verifyTestExcelDriverUtil -->
      </class> <!-- test.TestExcelDriverUtil -->
    </test> <!-- Default test -->
  </suite> <!-- Default suite -->
</testng-results>
